  Application.cpp
Application.obj : error LNK2019: 无法解析的外部符号 __imp_glewInit，函数 main 中引用了该符号
Application.obj : error LNK2019: 无法解析的外部符号 glfwInit，函数 main 中引用了该符号
Application.obj : error LNK2019: 无法解析的外部符号 glfwTerminate，函数 main 中引用了该符号
Application.obj : error LNK2019: 无法解析的外部符号 glfwCreateWindow，函数 main 中引用了该符号
Application.obj : error LNK2019: 无法解析的外部符号 glfwWindowShouldClose，函数 main 中引用了该符号
Application.obj : error LNK2019: 无法解析的外部符号 glfwPollEvents，函数 main 中引用了该符号
Application.obj : error LNK2019: 无法解析的外部符号 glfwMakeContextCurrent，函数 main 中引用了该符号
Application.obj : error LNK2019: 无法解析的外部符号 glfwSwapBuffers，函数 main 中引用了该符号
Application.obj : error LNK2019: 无法解析的外部符号 __imp___glewBindBuffer，函数 main 中引用了该符号
Application.obj : error LNK2019: 无法解析的外部符号 __imp___glewBufferData，函数 main 中引用了该符号
Application.obj : error LNK2019: 无法解析的外部符号 __imp___glewGenBuffers，函数 main 中引用了该符号
Application.obj : error LNK2019: 无法解析的外部符号 __imp___glewAttachShader，函数 "unsigned int __cdecl CreateShader(class std::basic_string<char,struct std::char_traits<char>,class std::allocator<char> > const &,class std::basic_string<char,struct std::char_traits<char>,class std::allocator<char> > const &)" (?CreateShader@@YAIAEBV?$basic_string@DU?$char_traits@D@std@@V?$allocator@D@2@@std@@0@Z) 中引用了该符号
Application.obj : error LNK2019: 无法解析的外部符号 __imp___glewCompileShader，函数 "unsigned int __cdecl CompileShader(unsigned int,class std::basic_string<char,struct std::char_traits<char>,class std::allocator<char> > const &)" (?CompileShader@@YAIIAEBV?$basic_string@DU?$char_traits@D@std@@V?$allocator@D@2@@std@@@Z) 中引用了该符号
Application.obj : error LNK2019: 无法解析的外部符号 __imp___glewCreateProgram，函数 "unsigned int __cdecl CreateShader(class std::basic_string<char,struct std::char_traits<char>,class std::allocator<char> > const &,class std::basic_string<char,struct std::char_traits<char>,class std::allocator<char> > const &)" (?CreateShader@@YAIAEBV?$basic_string@DU?$char_traits@D@std@@V?$allocator@D@2@@std@@0@Z) 中引用了该符号
Application.obj : error LNK2019: 无法解析的外部符号 __imp___glewCreateShader，函数 "unsigned int __cdecl CompileShader(unsigned int,class std::basic_string<char,struct std::char_traits<char>,class std::allocator<char> > const &)" (?CompileShader@@YAIIAEBV?$basic_string@DU?$char_traits@D@std@@V?$allocator@D@2@@std@@@Z) 中引用了该符号
Application.obj : error LNK2019: 无法解析的外部符号 __imp___glewDeleteShader，函数 "unsigned int __cdecl CompileShader(unsigned int,class std::basic_string<char,struct std::char_traits<char>,class std::allocator<char> > const &)" (?CompileShader@@YAIIAEBV?$basic_string@DU?$char_traits@D@std@@V?$allocator@D@2@@std@@@Z) 中引用了该符号
Application.obj : error LNK2019: 无法解析的外部符号 __imp___glewDisableVertexAttribArray，函数 main 中引用了该符号
Application.obj : error LNK2019: 无法解析的外部符号 __imp___glewGetShaderInfoLog，函数 "unsigned int __cdecl CompileShader(unsigned int,class std::basic_string<char,struct std::char_traits<char>,class std::allocator<char> > const &)" (?CompileShader@@YAIIAEBV?$basic_string@DU?$char_traits@D@std@@V?$allocator@D@2@@std@@@Z) 中引用了该符号
Application.obj : error LNK2019: 无法解析的外部符号 __imp___glewGetShaderiv，函数 "unsigned int __cdecl CompileShader(unsigned int,class std::basic_string<char,struct std::char_traits<char>,class std::allocator<char> > const &)" (?CompileShader@@YAIIAEBV?$basic_string@DU?$char_traits@D@std@@V?$allocator@D@2@@std@@@Z) 中引用了该符号
Application.obj : error LNK2019: 无法解析的外部符号 __imp___glewLinkProgram，函数 "unsigned int __cdecl CreateShader(class std::basic_string<char,struct std::char_traits<char>,class std::allocator<char> > const &,class std::basic_string<char,struct std::char_traits<char>,class std::allocator<char> > const &)" (?CreateShader@@YAIAEBV?$basic_string@DU?$char_traits@D@std@@V?$allocator@D@2@@std@@0@Z) 中引用了该符号
Application.obj : error LNK2019: 无法解析的外部符号 __imp___glewShaderSource，函数 "unsigned int __cdecl CompileShader(unsigned int,class std::basic_string<char,struct std::char_traits<char>,class std::allocator<char> > const &)" (?CompileShader@@YAIIAEBV?$basic_string@DU?$char_traits@D@std@@V?$allocator@D@2@@std@@@Z) 中引用了该符号
Application.obj : error LNK2019: 无法解析的外部符号 __imp___glewUseProgram，函数 main 中引用了该符号
Application.obj : error LNK2019: 无法解析的外部符号 __imp___glewValidateProgram，函数 "unsigned int __cdecl CreateShader(class std::basic_string<char,struct std::char_traits<char>,class std::allocator<char> > const &,class std::basic_string<char,struct std::char_traits<char>,class std::allocator<char> > const &)" (?CreateShader@@YAIAEBV?$basic_string@DU?$char_traits@D@std@@V?$allocator@D@2@@std@@0@Z) 中引用了该符号
Application.obj : error LNK2019: 无法解析的外部符号 __imp___glewVertexAttribPointer，函数 main 中引用了该符号
C:\Users\14345\Desktop\Opengl\yilai\GLEW\lib\Release\Win32\glew32s.lib : warning LNK4272: 库计算机类型“x86”与目标计算机类型“x64”冲突
C:\Users\14345\Desktop\Opengl\yilai\GLFW\lib-vc2022\glfw3.lib : warning LNK4272: 库计算机类型“x86”与目标计算机类型“x64”冲突
C:\Users\14345\Desktop\Opengl\x64\Debug\Opengl.exe : fatal error LNK1120: 24 个无法解析的外部命令
